<?xml version="1.0" encoding="UTF-8"?>
<testsuite xmlns:xsi="http://www.w3.org/2001/XMLSchema-instance" xsi:noNamespaceSchemaLocation="https://maven.apache.org/surefire/maven-surefire-plugin/xsd/surefire-test-report.xsd" name="org.mule.extension.mule.aws.cloudwatch.MuleawscloudwatchLogsOperationsTestCase" time="16.634" tests="1" errors="0" skipped="0" failures="0">
  <properties>
    <property name="sun.desktop" value="windows"/>
    <property name="awt.toolkit" value="sun.awt.windows.WToolkit"/>
    <property name="file.encoding.pkg" value="sun.io"/>
    <property name="java.specification.version" value="1.8"/>
    <property name="sun.cpu.isalist" value="amd64"/>
    <property name="sun.jnu.encoding" value="Cp1252"/>
    <property name="java.class.path" value="C:\Workspace\other-mini-devs\mule-aws-cloudwatch-connector\target\test-classes;C:\Workspace\other-mini-devs\mule-aws-cloudwatch-connector\target\classes;C:\Users\m.lasantha\.m2\repository\com\fasterxml\jackson\core\jackson-databind\2.9.9\jackson-databind-2.9.9.jar;C:\Users\m.lasantha\.m2\repository\com\fasterxml\jackson\core\jackson-annotations\2.9.0\jackson-annotations-2.9.0.jar;C:\Users\m.lasantha\.m2\repository\com\fasterxml\jackson\core\jackson-core\2.9.9\jackson-core-2.9.9.jar;C:\Users\m.lasantha\.m2\repository\com\amazonaws\aws-java-sdk-logs\1.11.793\aws-java-sdk-logs-1.11.793.jar;C:\Users\m.lasantha\.m2\repository\com\amazonaws\aws-java-sdk-core\1.11.793\aws-java-sdk-core-1.11.793.jar;C:\Users\m.lasantha\.m2\repository\commons-logging\commons-logging\1.1.3\commons-logging-1.1.3.jar;C:\Users\m.lasantha\.m2\repository\org\apache\httpcomponents\httpclient\4.5.9\httpclient-4.5.9.jar;C:\Users\m.lasantha\.m2\repository\org\apache\httpcomponents\httpcore\4.4.11\httpcore-4.4.11.jar;C:\Users\m.lasantha\.m2\repository\commons-codec\commons-codec\1.11\commons-codec-1.11.jar;C:\Users\m.lasantha\.m2\repository\software\amazon\ion\ion-java\1.0.2\ion-java-1.0.2.jar;C:\Users\m.lasantha\.m2\repository\com\fasterxml\jackson\dataformat\jackson-dataformat-cbor\2.6.7\jackson-dataformat-cbor-2.6.7.jar;C:\Users\m.lasantha\.m2\repository\com\amazonaws\jmespath-java\1.11.793\jmespath-java-1.11.793.jar;C:\Users\m.lasantha\.m2\repository\com\amazonaws\aws-java-sdk-cloudwatch\1.11.793\aws-java-sdk-cloudwatch-1.11.793.jar;C:\Users\m.lasantha\.m2\repository\org\hamcrest\hamcrest-core\2.2\hamcrest-core-2.2.jar;C:\Users\m.lasantha\.m2\repository\org\hamcrest\hamcrest\2.2\hamcrest-2.2.jar;C:\Users\m.lasantha\.m2\repository\org\mule\runtime\mule-extensions-api\1.2.0\mule-extensions-api-1.2.0.jar;C:\Users\m.lasantha\.m2\repository\com\google\guava\guava\25.1-jre\guava-25.1-jre.jar;C:\Users\m.lasantha\.m2\repository\com\google\code\findbugs\jsr305\3.0.2\jsr305-3.0.2.jar;C:\Users\m.lasantha\.m2\repository\org\checkerframework\checker-qual\2.0.0\checker-qual-2.0.0.jar;C:\Users\m.lasantha\.m2\repository\com\google\errorprone\error_prone_annotations\2.1.3\error_prone_annotations-2.1.3.jar;C:\Users\m.lasantha\.m2\repository\com\google\j2objc\j2objc-annotations\1.1\j2objc-annotations-1.1.jar;C:\Users\m.lasantha\.m2\repository\org\codehaus\mojo\animal-sniffer-annotations\1.14\animal-sniffer-annotations-1.14.jar;C:\Users\m.lasantha\.m2\repository\org\reactivestreams\reactive-streams\1.0.2\reactive-streams-1.0.2.jar;C:\Users\m.lasantha\.m2\repository\org\mule\glassfish\jaxb\jaxb-runtime\2.3.1-MULE-001\jaxb-runtime-2.3.1-MULE-001.jar;C:\Users\m.lasantha\.m2\repository\org\mule\glassfish\jaxb\txw2\2.3.1-MULE-001\txw2-2.3.1-MULE-001.jar;C:\Users\m.lasantha\.m2\repository\com\sun\istack\istack-commons-runtime\3.0.7\istack-commons-runtime-3.0.7.jar;C:\Users\m.lasantha\.m2\repository\org\jvnet\staxex\stax-ex\1.8\stax-ex-1.8.jar;C:\Users\m.lasantha\.m2\repository\com\sun\xml\fastinfoset\FastInfoset\1.2.15\FastInfoset-1.2.15.jar;C:\Users\m.lasantha\.m2\repository\javax\activation\javax.activation-api\1.2.0\javax.activation-api-1.2.0.jar;C:\Users\m.lasantha\.m2\repository\com\sun\activation\javax.activation\1.2.0\javax.activation-1.2.0.jar;C:\Users\m.lasantha\.m2\repository\javax\transaction\javax.transaction-api\1.3\javax.transaction-api-1.3.jar;C:\Users\m.lasantha\.m2\repository\org\mule\runtime\mule-api\1.2.0\mule-api-1.2.0.jar;C:\Users\m.lasantha\.m2\repository\org\mule\runtime\mule-metadata-model-api\1.2.0\mule-metadata-model-api-1.2.0.jar;C:\Users\m.lasantha\.m2\repository\org\mule\runtime\mule-message-metadata-model\1.2.0\mule-message-metadata-model-1.2.0.jar;C:\Users\m.lasantha\.m2\repository\org\apache\commons\commons-lang3\3.7\commons-lang3-3.7.jar;C:\Users\m.lasantha\.m2\repository\commons-io\commons-io\2.6\commons-io-2.6.jar;C:\Users\m.lasantha\.m2\repository\org\slf4j\slf4j-api\1.7.25\slf4j-api-1.7.25.jar;C:\Users\m.lasantha\.m2\repository\com\google\code\gson\gson\2.8.5\gson-2.8.5.jar;C:\Users\m.lasantha\.m2\repository\javax\inject\javax.inject\1\javax.inject-1.jar;C:\Users\m.lasantha\.m2\repository\com\github\ben-manes\caffeine\caffeine\2.6.2\caffeine-2.6.2.jar;C:\Users\m.lasantha\.m2\repository\org\mule\runtime\mule-artifact-declaration\1.2.0\mule-artifact-declaration-1.2.0.jar;C:\Users\m.lasantha\.m2\repository\org\mule\runtime\api-annotations\1.1.0\api-annotations-1.1.0.jar;C:\Users\m.lasantha\.m2\repository\org\mule\runtime\mule-core\4.2.0\mule-core-4.2.0.jar;C:\Users\m.lasantha\.m2\repository\org\mule\runtime\mule-module-dsl-api\1.2.0\mule-module-dsl-api-1.2.0.jar;C:\Users\m.lasantha\.m2\repository\org\mule\runtime\mule-module-http-policy-api\1.2.0\mule-module-http-policy-api-1.2.0.jar;C:\Users\m.lasantha\.m2\repository\org\mule\runtime\mule-module-policy-api\1.2.0\mule-module-policy-api-1.2.0.jar;C:\Users\m.lasantha\.m2\repository\commons-beanutils\commons-beanutils\1.9.3\commons-beanutils-1.9.3.jar;C:\Users\m.lasantha\.m2\repository\org\mule\com\github\stephenc\eaio-uuid\uuid\3.4.2-MULE-001\uuid-3.4.2-MULE-001.jar;C:\Users\m.lasantha\.m2\repository\javax\annotation\javax.annotation-api\1.3.2\javax.annotation-api-1.3.2.jar;C:\Users\m.lasantha\.m2\repository\commons-cli\commons-cli\1.2\commons-cli-1.2.jar;C:\Users\m.lasantha\.m2\repository\commons-collections\commons-collections\3.2.2\commons-collections-3.2.2.jar;C:\Users\m.lasantha\.m2\repository\commons-pool\commons-pool\1.6\commons-pool-1.6.jar;C:\Users\m.lasantha\.m2\repository\org\apache\geronimo\specs\geronimo-j2ee-connector_1.5_spec\2.0.0\geronimo-j2ee-connector_1.5_spec-2.0.0.jar;C:\Users\m.lasantha\.m2\repository\org\mule\mvel\mule-mvel2\2.1.9-MULE-018\mule-mvel2-2.1.9-MULE-018.jar;C:\Users\m.lasantha\.m2\repository\org\jgrapht\jgrapht-jdk1.5\0.7.3\jgrapht-jdk1.5-0.7.3.jar;C:\Users\m.lasantha\.m2\repository\org\reflections\reflections\0.9.10\reflections-0.9.10.jar;C:\Users\m.lasantha\.m2\repository\io\projectreactor\reactor-core\3.2.6.RELEASE\reactor-core-3.2.6.RELEASE.jar;C:\Users\m.lasantha\.m2\repository\io\projectreactor\addons\reactor-extra\3.1.6.RELEASE\reactor-extra-3.1.6.RELEASE.jar;C:\Users\m.lasantha\.m2\repository\org\yaml\snakeyaml\1.21\snakeyaml-1.21.jar;C:\Users\m.lasantha\.m2\repository\cglib\cglib-nodep\3.2.10\cglib-nodep-3.2.10.jar;C:\Users\m.lasantha\.m2\repository\org\apache\commons\commons-pool2\2.5.0\commons-pool2-2.5.0.jar;C:\Users\m.lasantha\.m2\repository\org\apache\commons\commons-math3\3.6.1\commons-math3-3.6.1.jar;C:\Users\m.lasantha\.m2\repository\it\unimi\dsi\fastutil\8.1.1\fastutil-8.1.1.jar;C:\Users\m.lasantha\.m2\repository\javax\jms\javax.jms-api\2.0.1\javax.jms-api-2.0.1.jar;C:\Users\m.lasantha\.m2\repository\org\mule\runtime\mule-module-extensions-spring-support\4.2.0\mule-module-extensions-spring-support-4.2.0.jar;C:\Users\m.lasantha\.m2\repository\org\jsoup\jsoup\1.11.3\jsoup-1.11.3.jar;C:\Users\m.lasantha\.m2\repository\org\mule\runtime\mule-module-spring-config\4.2.0\mule-module-spring-config-4.2.0.jar;C:\Users\m.lasantha\.m2\repository\org\mule\runtime\mule-module-artifact\4.2.0\mule-module-artifact-4.2.0.jar;C:\Users\m.lasantha\.m2\repository\org\springframework\spring-context\5.1.6.RELEASE\spring-context-5.1.6.RELEASE.jar;C:\Users\m.lasantha\.m2\repository\org\springframework\spring-beans\5.1.6.RELEASE\spring-beans-5.1.6.RELEASE.jar;C:\Users\m.lasantha\.m2\repository\org\springframework\spring-core\5.1.6.RELEASE\spring-core-5.1.6.RELEASE.jar;C:\Users\m.lasantha\.m2\repository\org\springframework\spring-jcl\5.1.6.RELEASE\spring-jcl-5.1.6.RELEASE.jar;C:\Users\m.lasantha\.m2\repository\org\springframework\spring-expression\5.1.6.RELEASE\spring-expression-5.1.6.RELEASE.jar;C:\Users\m.lasantha\.m2\repository\org\springframework\spring-aop\5.1.6.RELEASE\spring-aop-5.1.6.RELEASE.jar;C:\Users\m.lasantha\.m2\repository\org\mule\runtime\mule-module-extensions-support\4.2.0\mule-module-extensions-support-4.2.0.jar;C:\Users\m.lasantha\.m2\repository\org\mule\runtime\mule-extensions-api-dsql\1.2.0\mule-extensions-api-dsql-1.2.0.jar;C:\Users\m.lasantha\.m2\repository\org\antlr\antlr-runtime\3.5\antlr-runtime-3.5.jar;C:\Users\m.lasantha\.m2\repository\org\antlr\stringtemplate\3.2.1\stringtemplate-3.2.1.jar;C:\Users\m.lasantha\.m2\repository\org\mule\runtime\mule-extensions-api-persistence\1.2.0\mule-extensions-api-persistence-1.2.0.jar;C:\Users\m.lasantha\.m2\repository\org\mule\runtime\mule-metadata-model-persistence\1.2.0\mule-metadata-model-persistence-1.2.0.jar;C:\Users\m.lasantha\.m2\repository\org\mule\runtime\mule-service-oauth-api\4.2.0\mule-service-oauth-api-4.2.0.jar;C:\Users\m.lasantha\.m2\repository\org\mule\runtime\mule-module-extensions-soap-support\4.2.0\mule-module-extensions-soap-support-4.2.0.jar;C:\Users\m.lasantha\.m2\repository\org\mule\runtime\mule-extensions-soap-api\1.2.0\mule-extensions-soap-api-1.2.0.jar;C:\Users\m.lasantha\.m2\repository\org\mule\runtime\mule-service-soap-api\4.2.0\mule-service-soap-api-4.2.0.jar;C:\Users\m.lasantha\.m2\repository\org\mule\runtime\mule-service-http-api\4.2.0\mule-service-http-api-4.2.0.jar;C:\Users\m.lasantha\.m2\repository\org\mule\runtime\mule-module-tls\4.2.0\mule-module-tls-4.2.0.jar;C:\Users\m.lasantha\.m2\repository\jboss\javassist\3.7.ga\javassist-3.7.ga.jar;C:\Users\m.lasantha\.m2\repository\joda-time\joda-time\2.9.1\joda-time-2.9.1.jar;C:\Users\m.lasantha\.m2\repository\org\dom4j\dom4j\2.1.1\dom4j-2.1.1.jar;C:\Users\m.lasantha\.m2\repository\org\mule\runtime\mule-extension-ast-loader\1.1.0\mule-extension-ast-loader-1.1.0.jar;C:\Users\m.lasantha\.m2\repository\org\mule\runtime\mule-metadata-model-java-ast\1.2.0\mule-metadata-model-java-ast-1.2.0.jar;C:\Users\m.lasantha\.m2\repository\org\mule\runtime\mule-metadata-model-xml\1.2.0\mule-metadata-model-xml-1.2.0.jar;C:\Users\m.lasantha\.m2\repository\org\apache\xmlbeans\xmlbeans\2.6.0\xmlbeans-2.6.0.jar;C:\Users\m.lasantha\.m2\repository\org\mule\apache\xerces2-xsd11\2.11.3\xerces2-xsd11-2.11.3.jar;C:\Users\m.lasantha\.m2\repository\org\mule\runtime\mule-metadata-model-java\1.2.0\mule-metadata-model-java-1.2.0.jar;C:\Users\m.lasantha\.m2\repository\org\mule\runtime\mule-metadata-model-json\1.2.0\mule-metadata-model-json-1.2.0.jar;C:\Users\m.lasantha\.m2\repository\org\everit\json\org.everit.json.schema\1.5.1\org.everit.json.schema-1.5.1.jar;C:\Users\m.lasantha\.m2\repository\org\json\json\20160810\json-20160810.jar;C:\Users\m.lasantha\.m2\repository\org\mule\runtime\mule-module-service\4.2.0\mule-module-service-4.2.0.jar;C:\Users\m.lasantha\.m2\repository\org\mule\runtime\mule-module-container\4.2.0\mule-module-container-4.2.0.jar;C:\Users\m.lasantha\.m2\repository\org\mule\runtime\mule-module-deployment-model\4.2.0\mule-module-deployment-model-4.2.0.jar;C:\Users\m.lasantha\.m2\repository\org\mule\runtime\mule-module-reboot\4.2.0\mule-module-reboot-4.2.0.jar;C:\Users\m.lasantha\.m2\repository\tanukisoft\wrapper\3.2.3\wrapper-3.2.3.jar;C:\Users\m.lasantha\.m2\repository\org\mule\tools\maven\mule-classloader-model\3.3.0\mule-classloader-model-3.3.0.jar;C:\Users\m.lasantha\.m2\repository\org\mule\services\mule-service-weave\2.2.0\mule-service-weave-2.2.0-mule-service.jar;C:\Users\m.lasantha\.m2\repository\org\scala-lang\scala-library\2.12.7\scala-library-2.12.7.jar;C:\Users\m.lasantha\.m2\repository\org\mule\weave\runtime\2.2.0\runtime-2.2.0.jar;C:\Users\m.lasantha\.m2\repository\org\mule\weave\core\2.2.0\core-2.2.0.jar;C:\Users\m.lasantha\.m2\repository\org\mule\weave\parser\2.2.0\parser-2.2.0.jar;C:\Users\m.lasantha\.m2\repository\org\parboiled\parboiled_2.12\2.1.5\parboiled_2.12-2.1.5.jar;C:\Users\m.lasantha\.m2\repository\com\chuusai\shapeless_2.12\2.3.3\shapeless_2.12-2.3.3.jar;C:\Users\m.lasantha\.m2\repository\org\typelevel\macro-compat_2.12\1.1.1\macro-compat_2.12-1.1.1.jar;C:\Users\m.lasantha\.m2\repository\org\typelevel\spire_2.12\0.14.1\spire_2.12-0.14.1.jar;C:\Users\m.lasantha\.m2\repository\org\typelevel\spire-macros_2.12\0.14.1\spire-macros_2.12-0.14.1.jar;C:\Users\m.lasantha\.m2\repository\org\typelevel\machinist_2.12\0.6.1\machinist_2.12-0.6.1.jar;C:\Users\m.lasantha\.m2\repository\org\scala-lang\scala-reflect\2.12.0\scala-reflect-2.12.0.jar;C:\Users\m.lasantha\.m2\repository\org\typelevel\algebra_2.12\0.7.0\algebra_2.12-0.7.0.jar;C:\Users\m.lasantha\.m2\repository\org\typelevel\cats-kernel_2.12\0.9.0\cats-kernel_2.12-0.9.0.jar;C:\Users\m.lasantha\.m2\repository\org\mule\weave\debugger\2.2.0\debugger-2.2.0.jar;C:\Users\m.lasantha\.m2\repository\org\mule\weave\wlang\2.2.0\wlang-2.2.0.jar;C:\Users\m.lasantha\.m2\repository\org\mule\weave\java-module\2.2.0\java-module-2.2.0.jar;C:\Users\m.lasantha\.m2\repository\org\mule\weave\core-modules\2.2.0\core-modules-2.2.0.jar;C:\Users\m.lasantha\.m2\repository\com\fasterxml\woodstox\woodstox-core\5.0.2\woodstox-core-5.0.2.jar;C:\Users\m.lasantha\.m2\repository\org\codehaus\woodstox\stax2-api\3.1.4\stax2-api-3.1.4.jar;C:\Users\m.lasantha\.m2\repository\com\fasterxml\aalto-xml\1.0.0\aalto-xml-1.0.0.jar;C:\Users\m.lasantha\.m2\repository\com\sun\mail\jakarta.mail\1.6.3\jakarta.mail-1.6.3.jar;C:\Users\m.lasantha\.m2\repository\com\sun\activation\jakarta.activation\1.2.1\jakarta.activation-1.2.1.jar;C:\Users\m.lasantha\.m2\repository\org\mule\weave\yaml-module\2.2.0\yaml-module-2.2.0.jar;C:\Users\m.lasantha\.m2\repository\org\mule\syaml\syaml_2.12\0.6.8\syaml_2.12-0.6.8.jar;C:\Users\m.lasantha\.m2\repository\org\mule\common\scala-common_2.12\0.4.0\scala-common_2.12-0.4.0.jar;C:\Users\m.lasantha\.m2\repository\org\mule\weave\ndjson-module\2.2.0\ndjson-module-2.2.0.jar;C:\Users\m.lasantha\.m2\repository\org\mule\weave\avro-module\2.2.0\avro-module-2.2.0.jar;C:\Users\m.lasantha\.m2\repository\org\apache\avro\avro\1.9.0-MULE_1\avro-1.9.0-MULE_1.jar;C:\Users\m.lasantha\.m2\repository\org\apache\commons\commons-compress\1.18\commons-compress-1.18.jar;C:\Users\m.lasantha\.m2\repository\org\mule\runtime\mule-module-javaee\4.2.0\mule-module-javaee-4.2.0.jar;C:\Users\m.lasantha\.m2\repository\javax\jws\javax.jws-api\1.1\javax.jws-api-1.1.jar;C:\Users\m.lasantha\.m2\repository\javax\xml\bind\jaxb-api\2.3.1\jaxb-api-2.3.1.jar;C:\Users\m.lasantha\.m2\repository\com\sun\xml\bind\jaxb-impl\2.3.1\jaxb-impl-2.3.1.jar;C:\Users\m.lasantha\.m2\repository\com\sun\xml\bind\jaxb-core\2.3.0.1\jaxb-core-2.3.0.1.jar;C:\Users\m.lasantha\.m2\repository\javax\xml\soap\javax.xml.soap-api\1.4.0\javax.xml.soap-api-1.4.0.jar;C:\Users\m.lasantha\.m2\repository\javax\xml\ws\jaxws-api\2.3.1\jaxws-api-2.3.1.jar;C:\Users\m.lasantha\.m2\repository\org\mule\tests\plugin\mule-tests-component-plugin\4.2.0\mule-tests-component-plugin-4.2.0-mule-plugin.jar;C:\Users\m.lasantha\.m2\repository\org\mule\tests\plugin\mule-core-deprecated-schema-plugin\4.2.0\mule-core-deprecated-schema-plugin-4.2.0-mule-plugin.jar;C:\Users\m.lasantha\.m2\repository\org\mule\tests\mule-tests-functional\4.2.0\mule-tests-functional-4.2.0.jar;C:\Users\m.lasantha\.m2\repository\org\mule\runtime\mule-module-service\4.2.0\mule-module-service-4.2.0-tests.jar;C:\Users\m.lasantha\.m2\repository\org\mule\runtime\mule-module-artifact\4.2.0\mule-module-artifact-4.2.0-tests.jar;C:\Users\m.lasantha\.m2\repository\org\mule\tests\mule-tests-model\4.2.0\mule-tests-model-4.2.0.jar;C:\Users\m.lasantha\.m2\repository\org\mule\tests\mule-tests-runner\4.2.0\mule-tests-runner-4.2.0.jar;C:\Users\m.lasantha\.m2\repository\org\mule\mule-maven-client-api\1.4.0\mule-maven-client-api-1.4.0.jar;C:\Users\m.lasantha\.m2\repository\org\apache\maven\maven-model\3.3.9\maven-model-3.3.9.jar;C:\Users\m.lasantha\.m2\repository\org\codehaus\plexus\plexus-utils\3.0.24\plexus-utils-3.0.24.jar;C:\Users\m.lasantha\.m2\repository\org\mule\mule-maven-client-impl\1.4.0\mule-maven-client-impl-1.4.0.jar;C:\Users\m.lasantha\.m2\repository\com\vdurmont\semver4j\2.0.3\semver4j-2.0.3.jar;C:\Users\m.lasantha\.m2\repository\org\eclipse\aether\aether-api\1.0.2.v20150114\aether-api-1.0.2.v20150114.jar;C:\Users\m.lasantha\.m2\repository\org\eclipse\aether\aether-util\1.0.2.v20150114\aether-util-1.0.2.v20150114.jar;C:\Users\m.lasantha\.m2\repository\org\eclipse\aether\aether-connector-basic\1.0.2.v20150114\aether-connector-basic-1.0.2.v20150114.jar;C:\Users\m.lasantha\.m2\repository\org\eclipse\aether\aether-spi\1.0.2.v20150114\aether-spi-1.0.2.v20150114.jar;C:\Users\m.lasantha\.m2\repository\org\eclipse\aether\aether-transport-file\1.0.2.v20150114\aether-transport-file-1.0.2.v20150114.jar;C:\Users\m.lasantha\.m2\repository\org\eclipse\aether\aether-transport-http\1.0.2.v20150114\aether-transport-http-1.0.2.v20150114.jar;C:\Users\m.lasantha\.m2\repository\org\apache\maven\maven-settings-builder\3.3.9\maven-settings-builder-3.3.9.jar;C:\Users\m.lasantha\.m2\repository\org\apache\maven\maven-builder-support\3.3.9\maven-builder-support-3.3.9.jar;C:\Users\m.lasantha\.m2\repository\org\codehaus\plexus\plexus-interpolation\1.21\plexus-interpolation-1.21.jar;C:\Users\m.lasantha\.m2\repository\org\codehaus\plexus\plexus-component-annotations\1.6\plexus-component-annotations-1.6.jar;C:\Users\m.lasantha\.m2\repository\org\apache\maven\maven-settings\3.3.9\maven-settings-3.3.9.jar;C:\Users\m.lasantha\.m2\repository\org\sonatype\plexus\plexus-sec-dispatcher\1.3\plexus-sec-dispatcher-1.3.jar;C:\Users\m.lasantha\.m2\repository\org\sonatype\plexus\plexus-cipher\1.4\plexus-cipher-1.4.jar;C:\Users\m.lasantha\.m2\repository\org\apache\maven\maven-aether-provider\3.3.9\maven-aether-provider-3.3.9.jar;C:\Users\m.lasantha\.m2\repository\org\apache\maven\maven-model-builder\3.3.9\maven-model-builder-3.3.9.jar;C:\Users\m.lasantha\.m2\repository\org\apache\maven\maven-artifact\3.3.9\maven-artifact-3.3.9.jar;C:\Users\m.lasantha\.m2\repository\org\apache\maven\maven-repository-metadata\3.3.9\maven-repository-metadata-3.3.9.jar;C:\Users\m.lasantha\.m2\repository\org\eclipse\aether\aether-impl\1.0.2.v20150114\aether-impl-1.0.2.v20150114.jar;C:\Users\m.lasantha\.m2\repository\com\beust\jcommander\1.69\jcommander-1.69.jar;C:\Users\m.lasantha\.m2\repository\org\eclipse\sisu\org.eclipse.sisu.plexus\0.3.2\org.eclipse.sisu.plexus-0.3.2.jar;C:\Users\m.lasantha\.m2\repository\junit\junit\4.12\junit-4.12.jar;C:\Users\m.lasantha\.m2\repository\org\mule\tests\mule-tests-unit\4.2.0\mule-tests-unit-4.2.0.jar;C:\Users\m.lasantha\.m2\repository\org\mule\runtime\mule-module-logging\4.2.0\mule-module-logging-4.2.0.jar;C:\Users\m.lasantha\.m2\repository\com\lmax\disruptor\3.3.7\disruptor-3.3.7.jar;C:\Users\m.lasantha\.m2\repository\org\apache\logging\log4j\log4j-api\2.11.0\log4j-api-2.11.0.jar;C:\Users\m.lasantha\.m2\repository\org\apache\logging\log4j\log4j-core\2.11.0\log4j-core-2.11.0.jar;C:\Users\m.lasantha\.m2\repository\org\apache\logging\log4j\log4j-slf4j-impl\2.11.0\log4j-slf4j-impl-2.11.0.jar;C:\Users\m.lasantha\.m2\repository\org\apache\logging\log4j\log4j-1.2-api\2.11.0\log4j-1.2-api-2.11.0.jar;C:\Users\m.lasantha\.m2\repository\org\slf4j\jcl-over-slf4j\1.7.25\jcl-over-slf4j-1.7.25.jar;C:\Users\m.lasantha\.m2\repository\org\slf4j\jul-to-slf4j\1.7.25\jul-to-slf4j-1.7.25.jar;C:\Users\m.lasantha\.m2\repository\org\mockito\mockito-core\2.26.0\mockito-core-2.26.0.jar;C:\Users\m.lasantha\.m2\repository\net\bytebuddy\byte-buddy\1.9.10\byte-buddy-1.9.10.jar;C:\Users\m.lasantha\.m2\repository\net\bytebuddy\byte-buddy-agent\1.9.10\byte-buddy-agent-1.9.10.jar;C:\Users\m.lasantha\.m2\repository\org\objenesis\objenesis\2.6\objenesis-2.6.jar;C:\Users\m.lasantha\.m2\repository\org\hamcrest\hamcrest-library\1.3\hamcrest-library-1.3.jar;"/>
    <property name="java.vm.vendor" value="Oracle Corporation"/>
    <property name="sun.arch.data.model" value="64"/>
    <property name="user.variant" value=""/>
    <property name="java.vendor.url" value="http://java.oracle.com/"/>
    <property name="user.timezone" value="Asia/Singapore"/>
    <property name="java.vm.specification.version" value="1.8"/>
    <property name="os.name" value="Windows 10"/>
    <property name="user.country" value="US"/>
    <property name="sun.java.launcher" value="SUN_STANDARD"/>
    <property name="sun.boot.library.path" value="C:\Program Files\Java\jdk1.8.0_211\jre\bin"/>
    <property name="sun.java.command" value="C:\Users\MF836~1.LAS\AppData\Local\Temp\surefire49185504208698594\surefirebooter3641688931426600822.jar C:\Users\m.lasantha\AppData\Local\Temp\surefire49185504208698594 2020-06-04T20-44-29_714-jvmRun1 surefire748759542945220138tmp surefire_01989289760327599948tmp"/>
    <property name="surefire.test.class.path" value="C:\Workspace\other-mini-devs\mule-aws-cloudwatch-connector\target\test-classes;C:\Workspace\other-mini-devs\mule-aws-cloudwatch-connector\target\classes;C:\Users\m.lasantha\.m2\repository\com\fasterxml\jackson\core\jackson-databind\2.9.9\jackson-databind-2.9.9.jar;C:\Users\m.lasantha\.m2\repository\com\fasterxml\jackson\core\jackson-annotations\2.9.0\jackson-annotations-2.9.0.jar;C:\Users\m.lasantha\.m2\repository\com\fasterxml\jackson\core\jackson-core\2.9.9\jackson-core-2.9.9.jar;C:\Users\m.lasantha\.m2\repository\com\amazonaws\aws-java-sdk-logs\1.11.793\aws-java-sdk-logs-1.11.793.jar;C:\Users\m.lasantha\.m2\repository\com\amazonaws\aws-java-sdk-core\1.11.793\aws-java-sdk-core-1.11.793.jar;C:\Users\m.lasantha\.m2\repository\commons-logging\commons-logging\1.1.3\commons-logging-1.1.3.jar;C:\Users\m.lasantha\.m2\repository\org\apache\httpcomponents\httpclient\4.5.9\httpclient-4.5.9.jar;C:\Users\m.lasantha\.m2\repository\org\apache\httpcomponents\httpcore\4.4.11\httpcore-4.4.11.jar;C:\Users\m.lasantha\.m2\repository\commons-codec\commons-codec\1.11\commons-codec-1.11.jar;C:\Users\m.lasantha\.m2\repository\software\amazon\ion\ion-java\1.0.2\ion-java-1.0.2.jar;C:\Users\m.lasantha\.m2\repository\com\fasterxml\jackson\dataformat\jackson-dataformat-cbor\2.6.7\jackson-dataformat-cbor-2.6.7.jar;C:\Users\m.lasantha\.m2\repository\com\amazonaws\jmespath-java\1.11.793\jmespath-java-1.11.793.jar;C:\Users\m.lasantha\.m2\repository\com\amazonaws\aws-java-sdk-cloudwatch\1.11.793\aws-java-sdk-cloudwatch-1.11.793.jar;C:\Users\m.lasantha\.m2\repository\org\hamcrest\hamcrest-core\2.2\hamcrest-core-2.2.jar;C:\Users\m.lasantha\.m2\repository\org\hamcrest\hamcrest\2.2\hamcrest-2.2.jar;C:\Users\m.lasantha\.m2\repository\org\mule\runtime\mule-extensions-api\1.2.0\mule-extensions-api-1.2.0.jar;C:\Users\m.lasantha\.m2\repository\com\google\guava\guava\25.1-jre\guava-25.1-jre.jar;C:\Users\m.lasantha\.m2\repository\com\google\code\findbugs\jsr305\3.0.2\jsr305-3.0.2.jar;C:\Users\m.lasantha\.m2\repository\org\checkerframework\checker-qual\2.0.0\checker-qual-2.0.0.jar;C:\Users\m.lasantha\.m2\repository\com\google\errorprone\error_prone_annotations\2.1.3\error_prone_annotations-2.1.3.jar;C:\Users\m.lasantha\.m2\repository\com\google\j2objc\j2objc-annotations\1.1\j2objc-annotations-1.1.jar;C:\Users\m.lasantha\.m2\repository\org\codehaus\mojo\animal-sniffer-annotations\1.14\animal-sniffer-annotations-1.14.jar;C:\Users\m.lasantha\.m2\repository\org\reactivestreams\reactive-streams\1.0.2\reactive-streams-1.0.2.jar;C:\Users\m.lasantha\.m2\repository\org\mule\glassfish\jaxb\jaxb-runtime\2.3.1-MULE-001\jaxb-runtime-2.3.1-MULE-001.jar;C:\Users\m.lasantha\.m2\repository\org\mule\glassfish\jaxb\txw2\2.3.1-MULE-001\txw2-2.3.1-MULE-001.jar;C:\Users\m.lasantha\.m2\repository\com\sun\istack\istack-commons-runtime\3.0.7\istack-commons-runtime-3.0.7.jar;C:\Users\m.lasantha\.m2\repository\org\jvnet\staxex\stax-ex\1.8\stax-ex-1.8.jar;C:\Users\m.lasantha\.m2\repository\com\sun\xml\fastinfoset\FastInfoset\1.2.15\FastInfoset-1.2.15.jar;C:\Users\m.lasantha\.m2\repository\javax\activation\javax.activation-api\1.2.0\javax.activation-api-1.2.0.jar;C:\Users\m.lasantha\.m2\repository\com\sun\activation\javax.activation\1.2.0\javax.activation-1.2.0.jar;C:\Users\m.lasantha\.m2\repository\javax\transaction\javax.transaction-api\1.3\javax.transaction-api-1.3.jar;C:\Users\m.lasantha\.m2\repository\org\mule\runtime\mule-api\1.2.0\mule-api-1.2.0.jar;C:\Users\m.lasantha\.m2\repository\org\mule\runtime\mule-metadata-model-api\1.2.0\mule-metadata-model-api-1.2.0.jar;C:\Users\m.lasantha\.m2\repository\org\mule\runtime\mule-message-metadata-model\1.2.0\mule-message-metadata-model-1.2.0.jar;C:\Users\m.lasantha\.m2\repository\org\apache\commons\commons-lang3\3.7\commons-lang3-3.7.jar;C:\Users\m.lasantha\.m2\repository\commons-io\commons-io\2.6\commons-io-2.6.jar;C:\Users\m.lasantha\.m2\repository\org\slf4j\slf4j-api\1.7.25\slf4j-api-1.7.25.jar;C:\Users\m.lasantha\.m2\repository\com\google\code\gson\gson\2.8.5\gson-2.8.5.jar;C:\Users\m.lasantha\.m2\repository\javax\inject\javax.inject\1\javax.inject-1.jar;C:\Users\m.lasantha\.m2\repository\com\github\ben-manes\caffeine\caffeine\2.6.2\caffeine-2.6.2.jar;C:\Users\m.lasantha\.m2\repository\org\mule\runtime\mule-artifact-declaration\1.2.0\mule-artifact-declaration-1.2.0.jar;C:\Users\m.lasantha\.m2\repository\org\mule\runtime\api-annotations\1.1.0\api-annotations-1.1.0.jar;C:\Users\m.lasantha\.m2\repository\org\mule\runtime\mule-core\4.2.0\mule-core-4.2.0.jar;C:\Users\m.lasantha\.m2\repository\org\mule\runtime\mule-module-dsl-api\1.2.0\mule-module-dsl-api-1.2.0.jar;C:\Users\m.lasantha\.m2\repository\org\mule\runtime\mule-module-http-policy-api\1.2.0\mule-module-http-policy-api-1.2.0.jar;C:\Users\m.lasantha\.m2\repository\org\mule\runtime\mule-module-policy-api\1.2.0\mule-module-policy-api-1.2.0.jar;C:\Users\m.lasantha\.m2\repository\commons-beanutils\commons-beanutils\1.9.3\commons-beanutils-1.9.3.jar;C:\Users\m.lasantha\.m2\repository\org\mule\com\github\stephenc\eaio-uuid\uuid\3.4.2-MULE-001\uuid-3.4.2-MULE-001.jar;C:\Users\m.lasantha\.m2\repository\javax\annotation\javax.annotation-api\1.3.2\javax.annotation-api-1.3.2.jar;C:\Users\m.lasantha\.m2\repository\commons-cli\commons-cli\1.2\commons-cli-1.2.jar;C:\Users\m.lasantha\.m2\repository\commons-collections\commons-collections\3.2.2\commons-collections-3.2.2.jar;C:\Users\m.lasantha\.m2\repository\commons-pool\commons-pool\1.6\commons-pool-1.6.jar;C:\Users\m.lasantha\.m2\repository\org\apache\geronimo\specs\geronimo-j2ee-connector_1.5_spec\2.0.0\geronimo-j2ee-connector_1.5_spec-2.0.0.jar;C:\Users\m.lasantha\.m2\repository\org\mule\mvel\mule-mvel2\2.1.9-MULE-018\mule-mvel2-2.1.9-MULE-018.jar;C:\Users\m.lasantha\.m2\repository\org\jgrapht\jgrapht-jdk1.5\0.7.3\jgrapht-jdk1.5-0.7.3.jar;C:\Users\m.lasantha\.m2\repository\org\reflections\reflections\0.9.10\reflections-0.9.10.jar;C:\Users\m.lasantha\.m2\repository\io\projectreactor\reactor-core\3.2.6.RELEASE\reactor-core-3.2.6.RELEASE.jar;C:\Users\m.lasantha\.m2\repository\io\projectreactor\addons\reactor-extra\3.1.6.RELEASE\reactor-extra-3.1.6.RELEASE.jar;C:\Users\m.lasantha\.m2\repository\org\yaml\snakeyaml\1.21\snakeyaml-1.21.jar;C:\Users\m.lasantha\.m2\repository\cglib\cglib-nodep\3.2.10\cglib-nodep-3.2.10.jar;C:\Users\m.lasantha\.m2\repository\org\apache\commons\commons-pool2\2.5.0\commons-pool2-2.5.0.jar;C:\Users\m.lasantha\.m2\repository\org\apache\commons\commons-math3\3.6.1\commons-math3-3.6.1.jar;C:\Users\m.lasantha\.m2\repository\it\unimi\dsi\fastutil\8.1.1\fastutil-8.1.1.jar;C:\Users\m.lasantha\.m2\repository\javax\jms\javax.jms-api\2.0.1\javax.jms-api-2.0.1.jar;C:\Users\m.lasantha\.m2\repository\org\mule\runtime\mule-module-extensions-spring-support\4.2.0\mule-module-extensions-spring-support-4.2.0.jar;C:\Users\m.lasantha\.m2\repository\org\jsoup\jsoup\1.11.3\jsoup-1.11.3.jar;C:\Users\m.lasantha\.m2\repository\org\mule\runtime\mule-module-spring-config\4.2.0\mule-module-spring-config-4.2.0.jar;C:\Users\m.lasantha\.m2\repository\org\mule\runtime\mule-module-artifact\4.2.0\mule-module-artifact-4.2.0.jar;C:\Users\m.lasantha\.m2\repository\org\springframework\spring-context\5.1.6.RELEASE\spring-context-5.1.6.RELEASE.jar;C:\Users\m.lasantha\.m2\repository\org\springframework\spring-beans\5.1.6.RELEASE\spring-beans-5.1.6.RELEASE.jar;C:\Users\m.lasantha\.m2\repository\org\springframework\spring-core\5.1.6.RELEASE\spring-core-5.1.6.RELEASE.jar;C:\Users\m.lasantha\.m2\repository\org\springframework\spring-jcl\5.1.6.RELEASE\spring-jcl-5.1.6.RELEASE.jar;C:\Users\m.lasantha\.m2\repository\org\springframework\spring-expression\5.1.6.RELEASE\spring-expression-5.1.6.RELEASE.jar;C:\Users\m.lasantha\.m2\repository\org\springframework\spring-aop\5.1.6.RELEASE\spring-aop-5.1.6.RELEASE.jar;C:\Users\m.lasantha\.m2\repository\org\mule\runtime\mule-module-extensions-support\4.2.0\mule-module-extensions-support-4.2.0.jar;C:\Users\m.lasantha\.m2\repository\org\mule\runtime\mule-extensions-api-dsql\1.2.0\mule-extensions-api-dsql-1.2.0.jar;C:\Users\m.lasantha\.m2\repository\org\antlr\antlr-runtime\3.5\antlr-runtime-3.5.jar;C:\Users\m.lasantha\.m2\repository\org\antlr\stringtemplate\3.2.1\stringtemplate-3.2.1.jar;C:\Users\m.lasantha\.m2\repository\org\mule\runtime\mule-extensions-api-persistence\1.2.0\mule-extensions-api-persistence-1.2.0.jar;C:\Users\m.lasantha\.m2\repository\org\mule\runtime\mule-metadata-model-persistence\1.2.0\mule-metadata-model-persistence-1.2.0.jar;C:\Users\m.lasantha\.m2\repository\org\mule\runtime\mule-service-oauth-api\4.2.0\mule-service-oauth-api-4.2.0.jar;C:\Users\m.lasantha\.m2\repository\org\mule\runtime\mule-module-extensions-soap-support\4.2.0\mule-module-extensions-soap-support-4.2.0.jar;C:\Users\m.lasantha\.m2\repository\org\mule\runtime\mule-extensions-soap-api\1.2.0\mule-extensions-soap-api-1.2.0.jar;C:\Users\m.lasantha\.m2\repository\org\mule\runtime\mule-service-soap-api\4.2.0\mule-service-soap-api-4.2.0.jar;C:\Users\m.lasantha\.m2\repository\org\mule\runtime\mule-service-http-api\4.2.0\mule-service-http-api-4.2.0.jar;C:\Users\m.lasantha\.m2\repository\org\mule\runtime\mule-module-tls\4.2.0\mule-module-tls-4.2.0.jar;C:\Users\m.lasantha\.m2\repository\jboss\javassist\3.7.ga\javassist-3.7.ga.jar;C:\Users\m.lasantha\.m2\repository\joda-time\joda-time\2.9.1\joda-time-2.9.1.jar;C:\Users\m.lasantha\.m2\repository\org\dom4j\dom4j\2.1.1\dom4j-2.1.1.jar;C:\Users\m.lasantha\.m2\repository\org\mule\runtime\mule-extension-ast-loader\1.1.0\mule-extension-ast-loader-1.1.0.jar;C:\Users\m.lasantha\.m2\repository\org\mule\runtime\mule-metadata-model-java-ast\1.2.0\mule-metadata-model-java-ast-1.2.0.jar;C:\Users\m.lasantha\.m2\repository\org\mule\runtime\mule-metadata-model-xml\1.2.0\mule-metadata-model-xml-1.2.0.jar;C:\Users\m.lasantha\.m2\repository\org\apache\xmlbeans\xmlbeans\2.6.0\xmlbeans-2.6.0.jar;C:\Users\m.lasantha\.m2\repository\org\mule\apache\xerces2-xsd11\2.11.3\xerces2-xsd11-2.11.3.jar;C:\Users\m.lasantha\.m2\repository\org\mule\runtime\mule-metadata-model-java\1.2.0\mule-metadata-model-java-1.2.0.jar;C:\Users\m.lasantha\.m2\repository\org\mule\runtime\mule-metadata-model-json\1.2.0\mule-metadata-model-json-1.2.0.jar;C:\Users\m.lasantha\.m2\repository\org\everit\json\org.everit.json.schema\1.5.1\org.everit.json.schema-1.5.1.jar;C:\Users\m.lasantha\.m2\repository\org\json\json\20160810\json-20160810.jar;C:\Users\m.lasantha\.m2\repository\org\mule\runtime\mule-module-service\4.2.0\mule-module-service-4.2.0.jar;C:\Users\m.lasantha\.m2\repository\org\mule\runtime\mule-module-container\4.2.0\mule-module-container-4.2.0.jar;C:\Users\m.lasantha\.m2\repository\org\mule\runtime\mule-module-deployment-model\4.2.0\mule-module-deployment-model-4.2.0.jar;C:\Users\m.lasantha\.m2\repository\org\mule\runtime\mule-module-reboot\4.2.0\mule-module-reboot-4.2.0.jar;C:\Users\m.lasantha\.m2\repository\tanukisoft\wrapper\3.2.3\wrapper-3.2.3.jar;C:\Users\m.lasantha\.m2\repository\org\mule\tools\maven\mule-classloader-model\3.3.0\mule-classloader-model-3.3.0.jar;C:\Users\m.lasantha\.m2\repository\org\mule\services\mule-service-weave\2.2.0\mule-service-weave-2.2.0-mule-service.jar;C:\Users\m.lasantha\.m2\repository\org\scala-lang\scala-library\2.12.7\scala-library-2.12.7.jar;C:\Users\m.lasantha\.m2\repository\org\mule\weave\runtime\2.2.0\runtime-2.2.0.jar;C:\Users\m.lasantha\.m2\repository\org\mule\weave\core\2.2.0\core-2.2.0.jar;C:\Users\m.lasantha\.m2\repository\org\mule\weave\parser\2.2.0\parser-2.2.0.jar;C:\Users\m.lasantha\.m2\repository\org\parboiled\parboiled_2.12\2.1.5\parboiled_2.12-2.1.5.jar;C:\Users\m.lasantha\.m2\repository\com\chuusai\shapeless_2.12\2.3.3\shapeless_2.12-2.3.3.jar;C:\Users\m.lasantha\.m2\repository\org\typelevel\macro-compat_2.12\1.1.1\macro-compat_2.12-1.1.1.jar;C:\Users\m.lasantha\.m2\repository\org\typelevel\spire_2.12\0.14.1\spire_2.12-0.14.1.jar;C:\Users\m.lasantha\.m2\repository\org\typelevel\spire-macros_2.12\0.14.1\spire-macros_2.12-0.14.1.jar;C:\Users\m.lasantha\.m2\repository\org\typelevel\machinist_2.12\0.6.1\machinist_2.12-0.6.1.jar;C:\Users\m.lasantha\.m2\repository\org\scala-lang\scala-reflect\2.12.0\scala-reflect-2.12.0.jar;C:\Users\m.lasantha\.m2\repository\org\typelevel\algebra_2.12\0.7.0\algebra_2.12-0.7.0.jar;C:\Users\m.lasantha\.m2\repository\org\typelevel\cats-kernel_2.12\0.9.0\cats-kernel_2.12-0.9.0.jar;C:\Users\m.lasantha\.m2\repository\org\mule\weave\debugger\2.2.0\debugger-2.2.0.jar;C:\Users\m.lasantha\.m2\repository\org\mule\weave\wlang\2.2.0\wlang-2.2.0.jar;C:\Users\m.lasantha\.m2\repository\org\mule\weave\java-module\2.2.0\java-module-2.2.0.jar;C:\Users\m.lasantha\.m2\repository\org\mule\weave\core-modules\2.2.0\core-modules-2.2.0.jar;C:\Users\m.lasantha\.m2\repository\com\fasterxml\woodstox\woodstox-core\5.0.2\woodstox-core-5.0.2.jar;C:\Users\m.lasantha\.m2\repository\org\codehaus\woodstox\stax2-api\3.1.4\stax2-api-3.1.4.jar;C:\Users\m.lasantha\.m2\repository\com\fasterxml\aalto-xml\1.0.0\aalto-xml-1.0.0.jar;C:\Users\m.lasantha\.m2\repository\com\sun\mail\jakarta.mail\1.6.3\jakarta.mail-1.6.3.jar;C:\Users\m.lasantha\.m2\repository\com\sun\activation\jakarta.activation\1.2.1\jakarta.activation-1.2.1.jar;C:\Users\m.lasantha\.m2\repository\org\mule\weave\yaml-module\2.2.0\yaml-module-2.2.0.jar;C:\Users\m.lasantha\.m2\repository\org\mule\syaml\syaml_2.12\0.6.8\syaml_2.12-0.6.8.jar;C:\Users\m.lasantha\.m2\repository\org\mule\common\scala-common_2.12\0.4.0\scala-common_2.12-0.4.0.jar;C:\Users\m.lasantha\.m2\repository\org\mule\weave\ndjson-module\2.2.0\ndjson-module-2.2.0.jar;C:\Users\m.lasantha\.m2\repository\org\mule\weave\avro-module\2.2.0\avro-module-2.2.0.jar;C:\Users\m.lasantha\.m2\repository\org\apache\avro\avro\1.9.0-MULE_1\avro-1.9.0-MULE_1.jar;C:\Users\m.lasantha\.m2\repository\org\apache\commons\commons-compress\1.18\commons-compress-1.18.jar;C:\Users\m.lasantha\.m2\repository\org\mule\runtime\mule-module-javaee\4.2.0\mule-module-javaee-4.2.0.jar;C:\Users\m.lasantha\.m2\repository\javax\jws\javax.jws-api\1.1\javax.jws-api-1.1.jar;C:\Users\m.lasantha\.m2\repository\javax\xml\bind\jaxb-api\2.3.1\jaxb-api-2.3.1.jar;C:\Users\m.lasantha\.m2\repository\com\sun\xml\bind\jaxb-impl\2.3.1\jaxb-impl-2.3.1.jar;C:\Users\m.lasantha\.m2\repository\com\sun\xml\bind\jaxb-core\2.3.0.1\jaxb-core-2.3.0.1.jar;C:\Users\m.lasantha\.m2\repository\javax\xml\soap\javax.xml.soap-api\1.4.0\javax.xml.soap-api-1.4.0.jar;C:\Users\m.lasantha\.m2\repository\javax\xml\ws\jaxws-api\2.3.1\jaxws-api-2.3.1.jar;C:\Users\m.lasantha\.m2\repository\org\mule\tests\plugin\mule-tests-component-plugin\4.2.0\mule-tests-component-plugin-4.2.0-mule-plugin.jar;C:\Users\m.lasantha\.m2\repository\org\mule\tests\plugin\mule-core-deprecated-schema-plugin\4.2.0\mule-core-deprecated-schema-plugin-4.2.0-mule-plugin.jar;C:\Users\m.lasantha\.m2\repository\org\mule\tests\mule-tests-functional\4.2.0\mule-tests-functional-4.2.0.jar;C:\Users\m.lasantha\.m2\repository\org\mule\runtime\mule-module-service\4.2.0\mule-module-service-4.2.0-tests.jar;C:\Users\m.lasantha\.m2\repository\org\mule\runtime\mule-module-artifact\4.2.0\mule-module-artifact-4.2.0-tests.jar;C:\Users\m.lasantha\.m2\repository\org\mule\tests\mule-tests-model\4.2.0\mule-tests-model-4.2.0.jar;C:\Users\m.lasantha\.m2\repository\org\mule\tests\mule-tests-runner\4.2.0\mule-tests-runner-4.2.0.jar;C:\Users\m.lasantha\.m2\repository\org\mule\mule-maven-client-api\1.4.0\mule-maven-client-api-1.4.0.jar;C:\Users\m.lasantha\.m2\repository\org\apache\maven\maven-model\3.3.9\maven-model-3.3.9.jar;C:\Users\m.lasantha\.m2\repository\org\codehaus\plexus\plexus-utils\3.0.24\plexus-utils-3.0.24.jar;C:\Users\m.lasantha\.m2\repository\org\mule\mule-maven-client-impl\1.4.0\mule-maven-client-impl-1.4.0.jar;C:\Users\m.lasantha\.m2\repository\com\vdurmont\semver4j\2.0.3\semver4j-2.0.3.jar;C:\Users\m.lasantha\.m2\repository\org\eclipse\aether\aether-api\1.0.2.v20150114\aether-api-1.0.2.v20150114.jar;C:\Users\m.lasantha\.m2\repository\org\eclipse\aether\aether-util\1.0.2.v20150114\aether-util-1.0.2.v20150114.jar;C:\Users\m.lasantha\.m2\repository\org\eclipse\aether\aether-connector-basic\1.0.2.v20150114\aether-connector-basic-1.0.2.v20150114.jar;C:\Users\m.lasantha\.m2\repository\org\eclipse\aether\aether-spi\1.0.2.v20150114\aether-spi-1.0.2.v20150114.jar;C:\Users\m.lasantha\.m2\repository\org\eclipse\aether\aether-transport-file\1.0.2.v20150114\aether-transport-file-1.0.2.v20150114.jar;C:\Users\m.lasantha\.m2\repository\org\eclipse\aether\aether-transport-http\1.0.2.v20150114\aether-transport-http-1.0.2.v20150114.jar;C:\Users\m.lasantha\.m2\repository\org\apache\maven\maven-settings-builder\3.3.9\maven-settings-builder-3.3.9.jar;C:\Users\m.lasantha\.m2\repository\org\apache\maven\maven-builder-support\3.3.9\maven-builder-support-3.3.9.jar;C:\Users\m.lasantha\.m2\repository\org\codehaus\plexus\plexus-interpolation\1.21\plexus-interpolation-1.21.jar;C:\Users\m.lasantha\.m2\repository\org\codehaus\plexus\plexus-component-annotations\1.6\plexus-component-annotations-1.6.jar;C:\Users\m.lasantha\.m2\repository\org\apache\maven\maven-settings\3.3.9\maven-settings-3.3.9.jar;C:\Users\m.lasantha\.m2\repository\org\sonatype\plexus\plexus-sec-dispatcher\1.3\plexus-sec-dispatcher-1.3.jar;C:\Users\m.lasantha\.m2\repository\org\sonatype\plexus\plexus-cipher\1.4\plexus-cipher-1.4.jar;C:\Users\m.lasantha\.m2\repository\org\apache\maven\maven-aether-provider\3.3.9\maven-aether-provider-3.3.9.jar;C:\Users\m.lasantha\.m2\repository\org\apache\maven\maven-model-builder\3.3.9\maven-model-builder-3.3.9.jar;C:\Users\m.lasantha\.m2\repository\org\apache\maven\maven-artifact\3.3.9\maven-artifact-3.3.9.jar;C:\Users\m.lasantha\.m2\repository\org\apache\maven\maven-repository-metadata\3.3.9\maven-repository-metadata-3.3.9.jar;C:\Users\m.lasantha\.m2\repository\org\eclipse\aether\aether-impl\1.0.2.v20150114\aether-impl-1.0.2.v20150114.jar;C:\Users\m.lasantha\.m2\repository\com\beust\jcommander\1.69\jcommander-1.69.jar;C:\Users\m.lasantha\.m2\repository\org\eclipse\sisu\org.eclipse.sisu.plexus\0.3.2\org.eclipse.sisu.plexus-0.3.2.jar;C:\Users\m.lasantha\.m2\repository\junit\junit\4.12\junit-4.12.jar;C:\Users\m.lasantha\.m2\repository\org\mule\tests\mule-tests-unit\4.2.0\mule-tests-unit-4.2.0.jar;C:\Users\m.lasantha\.m2\repository\org\mule\runtime\mule-module-logging\4.2.0\mule-module-logging-4.2.0.jar;C:\Users\m.lasantha\.m2\repository\com\lmax\disruptor\3.3.7\disruptor-3.3.7.jar;C:\Users\m.lasantha\.m2\repository\org\apache\logging\log4j\log4j-api\2.11.0\log4j-api-2.11.0.jar;C:\Users\m.lasantha\.m2\repository\org\apache\logging\log4j\log4j-core\2.11.0\log4j-core-2.11.0.jar;C:\Users\m.lasantha\.m2\repository\org\apache\logging\log4j\log4j-slf4j-impl\2.11.0\log4j-slf4j-impl-2.11.0.jar;C:\Users\m.lasantha\.m2\repository\org\apache\logging\log4j\log4j-1.2-api\2.11.0\log4j-1.2-api-2.11.0.jar;C:\Users\m.lasantha\.m2\repository\org\slf4j\jcl-over-slf4j\1.7.25\jcl-over-slf4j-1.7.25.jar;C:\Users\m.lasantha\.m2\repository\org\slf4j\jul-to-slf4j\1.7.25\jul-to-slf4j-1.7.25.jar;C:\Users\m.lasantha\.m2\repository\org\mockito\mockito-core\2.26.0\mockito-core-2.26.0.jar;C:\Users\m.lasantha\.m2\repository\net\bytebuddy\byte-buddy\1.9.10\byte-buddy-1.9.10.jar;C:\Users\m.lasantha\.m2\repository\net\bytebuddy\byte-buddy-agent\1.9.10\byte-buddy-agent-1.9.10.jar;C:\Users\m.lasantha\.m2\repository\org\objenesis\objenesis\2.6\objenesis-2.6.jar;C:\Users\m.lasantha\.m2\repository\org\hamcrest\hamcrest-library\1.3\hamcrest-library-1.3.jar;"/>
    <property name="sun.cpu.endian" value="little"/>
    <property name="user.home" value="C:\Users\m.lasantha"/>
    <property name="user.language" value="en"/>
    <property name="java.specification.vendor" value="Oracle Corporation"/>
    <property name="java.home" value="C:\Program Files\Java\jdk1.8.0_211\jre"/>
    <property name="basedir" value="C:\Workspace\other-mini-devs\mule-aws-cloudwatch-connector"/>
    <property name="file.separator" value="\"/>
    <property name="line.separator" value="&#10;"/>
    <property name="java.vm.specification.vendor" value="Oracle Corporation"/>
    <property name="java.specification.name" value="Java Platform API Specification"/>
    <property name="java.awt.graphicsenv" value="sun.awt.Win32GraphicsEnvironment"/>
    <property name="aws.secret_key" value="pmab5F1gbUAVOWxSRDgiUHzbEdlbdEBReGYT+Q1b"/>
    <property name="surefire.real.class.path" value="C:\Users\MF836~1.LAS\AppData\Local\Temp\surefire49185504208698594\surefirebooter3641688931426600822.jar"/>
    <property name="sun.boot.class.path" value="C:\Program Files\Java\jdk1.8.0_211\jre\lib\resources.jar;C:\Program Files\Java\jdk1.8.0_211\jre\lib\rt.jar;C:\Program Files\Java\jdk1.8.0_211\jre\lib\sunrsasign.jar;C:\Program Files\Java\jdk1.8.0_211\jre\lib\jsse.jar;C:\Program Files\Java\jdk1.8.0_211\jre\lib\jce.jar;C:\Program Files\Java\jdk1.8.0_211\jre\lib\charsets.jar;C:\Program Files\Java\jdk1.8.0_211\jre\lib\jfr.jar;C:\Program Files\Java\jdk1.8.0_211\jre\classes"/>
    <property name="user.script" value=""/>
    <property name="sun.management.compiler" value="HotSpot 64-Bit Tiered Compilers"/>
    <property name="java.runtime.version" value="1.8.0_211-b12"/>
    <property name="user.name" value="M.LASANTHA"/>
    <property name="path.separator" value=";"/>
    <property name="os.version" value="10.0"/>
    <property name="java.endorsed.dirs" value="C:\Program Files\Java\jdk1.8.0_211\jre\lib\endorsed"/>
    <property name="java.runtime.name" value="Java(TM) SE Runtime Environment"/>
    <property name="file.encoding" value="Cp1252"/>
    <property name="java.vm.name" value="Java HotSpot(TM) 64-Bit Server VM"/>
    <property name="aws.access_key" value="AKIASYCWHRM7RYEZ7LDS"/>
    <property name="localRepository" value="C:\Users\m.lasantha\.m2\repository"/>
    <property name="java.vendor.url.bug" value="http://bugreport.sun.com/bugreport/"/>
    <property name="java.io.tmpdir" value="C:\Users\MF836~1.LAS\AppData\Local\Temp\"/>
    <property name="java.version" value="1.8.0_211"/>
    <property name="user.dir" value="C:\Workspace\other-mini-devs\mule-aws-cloudwatch-connector"/>
    <property name="os.arch" value="amd64"/>
    <property name="java.vm.specification.name" value="Java Virtual Machine Specification"/>
    <property name="java.awt.printerjob" value="sun.awt.windows.WPrinterJob"/>
    <property name="sun.os.patch.level" value=""/>
    <property name="java.library.path" value="C:\Program Files\Java\jdk1.8.0_211\jre\bin;C:\WINDOWS\Sun\Java\bin;C:\WINDOWS\system32;C:\WINDOWS;C:\Users\m.lasantha\bin;C:\Program Files\Git\mingw64\bin;C:\Program Files\Git\usr\local\bin;C:\Program Files\Git\usr\bin;C:\Program Files\Git\usr\bin;C:\Program Files\Git\mingw64\bin;C:\Program Files\Git\usr\bin;C:\Users\m.lasantha\bin;C:\Program Files\Java\jdk1.8.0_211\bin;C:\Program Files (x86)\Common Files\Oracle\Java\javapath;C:\ProgramData\Oracle\Java\javapath;C:\WINDOWS\system32;C:\WINDOWS;C:\WINDOWS\System32\Wbem;C:\WINDOWS\System32\WindowsPowerShell\v1.0;C:\Program Files\TortoiseSVN\bin;C:\Program Files\Java\jdk1.8.0_171\bin;C:\Program Files\apache-maven-3.6.0\bin;C:\Program Files\nodejs;C:\WINDOWS\System32\OpenSSH;C:\Program Files\Git\cmd;C:\Users\m.lasantha\AppData\Local\Microsoft\WindowsApps;C:\Users\m.lasantha\AppData\Local\atom\bin;C:\Program Files\Java\jdk1.8.0_211\bin;C:\Users\m.lasantha\AppData\Roaming\npm;C:\Users\m.lasantha\AppData\Local\Microsoft\WindowsApps;C:\Users\m.lasantha\AppData\Local\GitHubDesktop\bin;C:\Software\mongodb-win32-x86_64-2012plus-4.2.5\bin;C:\Program Files\MongoDB\Server\4.2\bin;C:\Program Files\Git\usr\bin\vendor_perl;C:\Program Files\Git\usr\bin\core_perl;."/>
    <property name="java.vm.info" value="mixed mode"/>
    <property name="java.vendor" value="Oracle Corporation"/>
    <property name="java.vm.version" value="25.211-b12"/>
    <property name="java.ext.dirs" value="C:\Program Files\Java\jdk1.8.0_211\jre\lib\ext;C:\WINDOWS\Sun\Java\lib\ext"/>
    <property name="sun.io.unicode.encoding" value="UnicodeLittle"/>
    <property name="java.class.version" value="52.0"/>
  </properties>
  <testcase name="executefilterLogEventsOperation" classname="org.mule.extension.mule.aws.cloudwatch.MuleawscloudwatchLogsOperationsTestCase" time="6.587"/>
</testsuite>